<?xml version="1.0" encoding="UTF-8"?>
<!-- Generated by org.testng.reporters.JUnitReportReporter -->
<testsuite hostname="LAPTOP-CCJ7C4DN" failures="0" tests="2" name="mypackage.testNG" time="48.129" errors="0" timestamp="2023-12-01T08:20:00 IST" skipped="0">
  <testcase classname="mypackage.testNG" name="contactInfoTest" time="0.010"/>
  <testcase classname="mypackage.testNG" name="test" time="48.119"/>
</testsuite> <!-- mypackage.testNG -->
