<?xml version="1.0" encoding="UTF-8"?>
<!-- Generated by org.testng.reporters.JUnitReportReporter -->
<testsuite hostname="LAPTOP-CCJ7C4DN" failures="0" tests="2" name="mypackage.testNG" time="61.258" errors="0" timestamp="2023-12-20T22:53:28 IST" skipped="0">
  <testcase classname="mypackage.testNG" name="test" time="61.251"/>
  <testcase classname="mypackage.testNG" name="contactInfoTest" time="0.007"/>
</testsuite> <!-- mypackage.testNG -->
